<?xml version="1.0" encoding="UTF-8"?>
<!-- Generated by org.testng.reporters.JUnitXMLReporter -->
<testsuite hostname="DESKTOP-Q6U0KE1" failures="1" tests="1" name="TestB" time="0.131" errors="0" timestamp="8 May 2019 00:20:24 GMT">
  <testcase classname="HybridFramework.suites.TestB" name="testB" time="0.055">
    <failure type="java.lang.reflect.InvocationTargetException">
      <![CDATA[java.lang.reflect.InvocationTargetException
	at HybridFramework.drivers.DriverScript.executeKeywords(DriverScript.java:54)
	at HybridFramework.suites.TestB.testB(TestB.java:25)
Caused by: java.lang.NoClassDefFoundError: kotlin/TypeCastException
	at okhttp3.ResponseBody.create(ResponseBody.java:209)
	at okhttp3.internal.Util.<clinit>(Util.java:51)
	at okhttp3.ConnectionPool.<clinit>(ConnectionPool.java:52)
	at org.openqa.selenium.remote.internal.OkHttpClient$Factory.<init>(OkHttpClient.java:118)
	at org.openqa.selenium.remote.internal.OkHttpClient$Factory.<init>(OkHttpClient.java:123)
	at org.openqa.selenium.remote.http.HttpClient$Factory.createDefault(HttpClient.java:59)
	at org.openqa.selenium.remote.HttpCommandExecutor.<clinit>(HttpCommandExecutor.java:47)
	at org.openqa.selenium.chrome.ChromeDriver.<init>(ChromeDriver.java:181)
	at org.openqa.selenium.chrome.ChromeDriver.<init>(ChromeDriver.java:168)
	at org.openqa.selenium.chrome.ChromeDriver.<init>(ChromeDriver.java:123)
	at HybridFramework.keywords.GenericKeywords.openBrowser(GenericKeywords.java:60)
	... 30 more
Caused by: java.lang.ClassNotFoundException: kotlin.TypeCastException
	at java.base/jdk.internal.loader.BuiltinClassLoader.loadClass(BuiltinClassLoader.java:583)
	at java.base/jdk.internal.loader.ClassLoaders$AppClassLoader.loadClass(ClassLoaders.java:178)
	at java.base/java.lang.ClassLoader.loadClass(ClassLoader.java:521)
	... 41 more
... Removed 28 stack frames]]>
    </failure>
  </testcase> <!-- testB -->
</testsuite> <!-- TestB -->
